starting upload for method: tagging3
keywords: ['description']
...
{
  "task": {
    "confidence": "", 
    "description": "", 
    "image": "Uploaded", 
    "scanned": false, 
    "service": "tagging3", 
    "uri": "http://smartvision.aiam-dh.com:8080/api/v1.0/tasks/937", 
    "userid": 13
  }
}

starting analysis for method: tagging3
keywords: ['description']
...
{
  "task": {
    "confidence": [], 
    "description": [], 
    "image": "Uploaded", 
    "scanned": true, 
    "service": "tagging3", 
    "uri": "http://smartvision.aiam-dh.com:8080/api/v1.0/tasks/937", 
    "userid": 13
  }
}

cleaning data for method: tagging3
keywords: ['description']
...
{
  "result": true
}

